<?xml version="1.0" encoding="UTF-8" ?>
<testsuite errors="0" failures="0" hostname="Ilyas-MacBook-Pro.local" name="twitter.SocialNetworkTest" skipped="0" tests="14" time="0.164" timestamp="2016-11-15T21:09:43">
  <properties>
    <property name="java.vendor" value="Oracle Corporation" />
    <property name="sun.java.launcher" value="SUN_STANDARD" />
    <property name="sun.management.compiler" value="HotSpot 64-Bit Tiered Compilers" />
    <property name="build.sysclasspath" value="ignore" />
    <property name="os.name" value="Mac OS X" />
    <property name="sun.boot.class.path" value="/Library/Java/JavaVirtualMachines/jdk1.8.0_51.jdk/Contents/Home/jre/lib/resources.jar:/Library/Java/JavaVirtualMachines/jdk1.8.0_51.jdk/Contents/Home/jre/lib/rt.jar:/Library/Java/JavaVirtualMachines/jdk1.8.0_51.jdk/Contents/Home/jre/lib/sunrsasign.jar:/Library/Java/JavaVirtualMachines/jdk1.8.0_51.jdk/Contents/Home/jre/lib/jsse.jar:/Library/Java/JavaVirtualMachines/jdk1.8.0_51.jdk/Contents/Home/jre/lib/jce.jar:/Library/Java/JavaVirtualMachines/jdk1.8.0_51.jdk/Contents/Home/jre/lib/charsets.jar:/Library/Java/JavaVirtualMachines/jdk1.8.0_51.jdk/Contents/Home/jre/lib/jfr.jar:/Library/Java/JavaVirtualMachines/jdk1.8.0_51.jdk/Contents/Home/jre/classes" />
    <property name="final.grading" value="true" />
    <property name="java.vm.specification.vendor" value="Oracle Corporation" />
    <property name="ant.home" value="/Applications/Eclipse.app/Contents/Eclipse/plugins/org.apache.ant_1.9.6.v201510161327" />
    <property name="java.runtime.version" value="1.8.0_51-b16" />
    <property name="user.name" value="ilyarudyak" />
    <property name="ant.build.javac.target" value="1.8" />
    <property name="user.language" value="en" />
    <property name="sun.boot.library.path" value="/Library/Java/JavaVirtualMachines/jdk1.8.0_51.jdk/Contents/Home/jre/lib" />
    <property name="grader.report.file" value="my-grader-report.xml" />
    <property name="ant.project.default-target" value="all" />
    <property name="java.version" value="1.8.0_51" />
    <property name="user.timezone" value="Europe/Moscow" />
    <property name="sun.arch.data.model" value="64" />
    <property name="http.nonProxyHosts" value="local|*.local|169.254/16|*.169.254/16" />
    <property name="java.endorsed.dirs" value="/Library/Java/JavaVirtualMachines/jdk1.8.0_51.jdk/Contents/Home/jre/lib/endorsed" />
    <property name="sun.cpu.isalist" value="" />
    <property name="sun.jnu.encoding" value="UTF-8" />
    <property name="file.encoding.pkg" value="sun.io" />
    <property name="file.separator" value="/" />
    <property name="java.specification.name" value="Java Platform API Specification" />
    <property name="java.class.version" value="52.0" />
    <property name="user.country" value="US" />
    <property name="java.home" value="/Library/Java/JavaVirtualMachines/jdk1.8.0_51.jdk/Contents/Home/jre" />
    <property name="java.vm.info" value="mixed mode" />
    <property name="ant.file" value="/Users/ilyarudyak/Dropbox/courses/6.005_software_construction/workspace/ps2-tweets/grader.xml" />
    <property name="os.version" value="10.12.1" />
    <property name="final.grader.jar" value="ps2-final-grader.jar" />
    <property name="path.separator" value=":" />
    <property name="java.vm.version" value="25.51-b03" />
    <property name="ant.library.dir" value="/Applications/Eclipse.app/Contents/Eclipse/plugins/org.apache.ant_1.9.6.v201510161327/lib" />
    <property name="java.awt.printerjob" value="sun.lwawt.macosx.CPrinterJob" />
    <property name="sun.io.unicode.encoding" value="UnicodeBig" />
    <property name="awt.toolkit" value="sun.lwawt.macosx.LWCToolkit" />
    <property name="socksNonProxyHosts" value="local|*.local|169.254/16|*.169.254/16" />
    <property name="ftp.nonProxyHosts" value="local|*.local|169.254/16|*.169.254/16" />
    <property name="user.home" value="/Users/ilyarudyak" />
    <property name="java.specification.vendor" value="Oracle Corporation" />
    <property name="which.tests.ran" value="BETA + FINAL" />
    <property name="java.library.path" value="/Users/ilyarudyak/Library/Java/Extensions:/Library/Java/Extensions:/Network/Library/Java/Extensions:/System/Library/Java/Extensions:/usr/lib/java:." />
    <property name="java.vendor.url" value="http://java.oracle.com/" />
    <property name="java.vm.vendor" value="Oracle Corporation" />
    <property name="gopherProxySet" value="false" />
    <property name="java.runtime.name" value="Java(TM) SE Runtime Environment" />
    <property name="beta.grader.jar" value="ps2-beta-grader.jar" />
    <property name="sun.java.command" value="org.apache.tools.ant.taskdefs.optional.junit.JUnitTestRunner twitter.SocialNetworkTest skipNonTests=false filtertrace=true haltOnError=false haltOnFailure=false showoutput=false outputtoformatters=true logfailedtests=true threadid=0 logtestlistenerevents=false formatter=org.apache.tools.ant.taskdefs.optional.junit.XMLJUnitResultFormatter,/Users/ilyarudyak/Dropbox/courses/6.005_software_construction/workspace/ps2-tweets/.grader/TEST-twitter.SocialNetworkTest.xml crashfile=/Users/ilyarudyak/Dropbox/courses/6.005_software_construction/workspace/ps2-tweets/.grader/junitvmwatcher2587155431933438956.properties propsfile=/Users/ilyarudyak/Dropbox/courses/6.005_software_construction/workspace/ps2-tweets/.grader/junit1950212102904021636.properties" />
    <property name="java.class.path" value="/Users/ilyarudyak/Dropbox/courses/6.005_software_construction/workspace/ps2-tweets/lib/junit-4.12.jar:/Users/ilyarudyak/Dropbox/courses/6.005_software_construction/workspace/ps2-tweets/lib/hamcrest-core-1.3.jar:/Users/ilyarudyak/Dropbox/courses/6.005_software_construction/workspace/ps2-tweets/.grader/bin-tests-student:/Users/ilyarudyak/Dropbox/courses/6.005_software_construction/workspace/ps2-tweets/.grader/bin-impls-student:/Applications/Eclipse.app/Contents/Eclipse/plugins/org.apache.ant_1.9.6.v201510161327/lib/ant-launcher.jar:/Applications/Eclipse.app/Contents/Eclipse/plugins/org.apache.ant_1.9.6.v201510161327/lib/ant.jar:/Applications/Eclipse.app/Contents/Eclipse/plugins/org.apache.ant_1.9.6.v201510161327/lib/ant-junit.jar:/Applications/Eclipse.app/Contents/Eclipse/plugins/org.apache.ant_1.9.6.v201510161327/lib/ant-junit4.jar" />
    <property name="ant.version" value="Apache Ant(TM) version 1.9.6 compiled on June 29 2015" />
    <property name="project.name" value="ps2-tweets" />
    <property name="java.vm.specification.name" value="Java Virtual Machine Specification" />
    <property name="java.vm.specification.version" value="1.8" />
    <property name="sun.cpu.endian" value="little" />
    <property name="didit.desc" value="Running your tests on your implementation." />
    <property name="sun.os.patch.level" value="unknown" />
    <property name="java.io.tmpdir" value="/var/folders/2r/mhs9bq0x3sx158w70nqz2j6h0000gn/T/" />
    <property name="java.vendor.url.bug" value="http://bugreport.sun.com/bugreport/" />
    <property name="os.arch" value="x86_64" />
    <property name="java.awt.graphicsenv" value="sun.awt.CGraphicsEnvironment" />
    <property name="java.ext.dirs" value="/Users/ilyarudyak/Library/Java/Extensions:/Library/Java/JavaVirtualMachines/jdk1.8.0_51.jdk/Contents/Home/jre/lib/ext:/Library/Java/Extensions:/Network/Library/Java/Extensions:/System/Library/Java/Extensions:/usr/lib/java" />
    <property name="user.dir" value="/Users/ilyarudyak/Dropbox/courses/6.005_software_construction/workspace/ps2-tweets" />
    <property name="line.separator" value="&#xa;" />
    <property name="zipfile" value="my-submission.zip" />
    <property name="java.vm.name" value="Java HotSpot(TM) 64-Bit Server VM" />
    <property name="problem.set" value="ps2" />
    <property name="basedir" value="/Users/ilyarudyak/Dropbox/courses/6.005_software_construction/workspace/ps2-tweets" />
    <property name="ant.java.version" value="1.8" />
    <property name="ant.core.lib" value="/Applications/Eclipse.app/Contents/Eclipse/plugins/org.apache.ant_1.9.6.v201510161327/lib/ant.jar" />
    <property name="file.encoding" value="UTF-8" />
    <property name="java.specification.version" value="1.8" />
    <property name="grader.dir" value=".grader" />
    <property name="ant.project.invoked-targets" value="all" />
  </properties>
  <testcase classname="twitter.SocialNetworkTest" name="testGuessFollowsGraphNotContainHimself" time="0.069" />
  <testcase classname="twitter.SocialNetworkTest" name="testInfluencersCorrectOrderMiddle2" time="0.006" />
  <testcase classname="twitter.SocialNetworkTest" name="testGuessFollowsGraphUserContainsAllMentions" time="0.002" />
  <testcase classname="twitter.SocialNetworkTest" name="testGuessFollowsGraphCheckUsers" time="0.001" />
  <testcase classname="twitter.SocialNetworkTest" name="testGuessFollowsGraphWhenOnlyOneMention" time="0.001" />
  <testcase classname="twitter.SocialNetworkTest" name="testInfluencersCorrectOrderFirst" time="0.002" />
  <testcase classname="twitter.SocialNetworkTest" name="testGuessFollowsGraphEmpty" time="0.0" />
  <testcase classname="twitter.SocialNetworkTest" name="testInfluencersCorrectOrderLast" time="0.001" />
  <testcase classname="twitter.SocialNetworkTest" name="testAssertionsEnabled" time="0.0" />
  <testcase classname="twitter.SocialNetworkTest" name="testInfluencersCorrectOrderMiddle" time="0.002" />
  <testcase classname="twitter.SocialNetworkTest" name="testGuessFollowsGraphManyTweetsAndUsers" time="0.001" />
  <testcase classname="twitter.SocialNetworkTest" name="testInfluencersAllIncluded" time="0.001" />
  <testcase classname="twitter.SocialNetworkTest" name="testInfluencersEmpty" time="0.0" />
  <testcase classname="twitter.SocialNetworkTest" name="testInfluencersMustBeCaseInsensitive" time="0.001" />
  <system-out><![CDATA[[user2, user3, user1, user7, user6, user4, user8, user5]
]]></system-out>
  <system-err><![CDATA[]]></system-err>
</testsuite>
